23:37:05  INFO      safezone.server               SafeZone AI — startup  (device=cpu)
23:37:05  INFO      safezone.slowfast             Loading SlowFast R50 (Kinetics-400 pretrained)...
23:37:08  INFO      safezone.slowfast             Trainable: 32,270 / 33,676,758 (0.10%)  [last 2 blocks + head]
23:37:08  WARNING   safezone.server               Video weights not found at 'weights/slowfast_ucfcrime.pth'. Running with random weights — predictions will be meaningless.
23:37:13  WARNING   safezone.panns                PANNs weights not found at 'weights/Cnn14_mAP=0.431.pth'. Download from https://zenodo.org/record/3987831  Running with random weights (audio predictions will be meaningless).
23:37:13  INFO      safezone.panns                PANNsInference ready on cpu  [pretrained AudioSet → 5-class mapping]
23:37:13  WARNING   safezone.alert                Twilio credentials not set — SMS disabled. Set TWILIO_SID / TWILIO_TOKEN env vars.
23:37:13  INFO      safezone.server               All models loaded. API ready.
15:48:21  INFO      safezone.server               SafeZone AI — startup  (device=cpu)
15:48:21  INFO      safezone.slowfast             Loading SlowFast R50 (Kinetics-400 pretrained)...
15:48:22  INFO      safezone.slowfast             Trainable: 32,270 / 33,676,758 (0.10%)  [last 2 blocks + head]
15:48:22  WARNING   safezone.server               Video weights not found at 'weights/slowfast_ucfcrime.pth'. Running with random weights — predictions will be meaningless.
15:48:33  WARNING   safezone.alert                Twilio credentials not set — SMS disabled. Set TWILIO_SID / TWILIO_TOKEN env vars.
15:48:33  INFO      safezone.server               All models loaded. API ready.
15:48:54  INFO      safezone.server               SafeZone AI — startup  (device=cpu)
15:48:54  INFO      safezone.slowfast             Loading SlowFast R50 (Kinetics-400 pretrained)...
15:48:54  INFO      safezone.slowfast             Trainable: 32,270 / 33,676,758 (0.10%)  [last 2 blocks + head]
15:48:55  WARNING   safezone.server               Video weights not found at 'weights/slowfast_ucfcrime.pth'. Running with random weights — predictions will be meaningless.
15:48:59  WARNING   safezone.alert                Twilio credentials not set — SMS disabled. Set TWILIO_SID / TWILIO_TOKEN env vars.
15:48:59  INFO      safezone.server               All models loaded. API ready.
07:49:53  WARNING   safezone.alert                Twilio credentials not set — SMS/voice disabled. Set TWILIO_SID / TWILIO_TOKEN env vars.
07:49:55  ERROR     safezone.alert                Email alert initialization failed. Check EMAIL_FROM, EMAIL_PASSWORD, EMAIL_HOST, EMAIL_PORT, and Gmail app password settings: (535, b'5.7.8 Username and Password not accepted. For more information, go to\n5.7.8  https://support.google.com/mail/?p=BadCredentials 98e67ed59e1d1-35c22a82231sm8806576a91.6 - gsmtp')
Traceback (most recent call last):
  File "c:\Users\Bimlendra\Desktop\safezone_prod\safezone_prod\utils\alerts.py", line 119, in _init_email
    smtp.login(self.cfg.email_from, self.cfg.email_password)
    ~~~~~~~~~~^^^^^^^^^^^^^^^^^^^^^^^^^^^^^^^^^^^^^^^^^^^^^^
  File "C:\Users\Bimlendra\AppData\Local\Programs\Python\Python313\Lib\smtplib.py", line 750, in login
    raise last_exception
  File "C:\Users\Bimlendra\AppData\Local\Programs\Python\Python313\Lib\smtplib.py", line 739, in login
    (code, resp) = self.auth(
                   ~~~~~~~~~^
        authmethod, getattr(self, method_name),
        ^^^^^^^^^^^^^^^^^^^^^^^^^^^^^^^^^^^^^^^
        initial_response_ok=initial_response_ok)
        ^^^^^^^^^^^^^^^^^^^^^^^^^^^^^^^^^^^^^^^^
  File "C:\Users\Bimlendra\AppData\Local\Programs\Python\Python313\Lib\smtplib.py", line 662, in auth
    raise SMTPAuthenticationError(code, resp)
smtplib.SMTPAuthenticationError: (535, b'5.7.8 Username and Password not accepted. For more information, go to\n5.7.8  https://support.google.com/mail/?p=BadCredentials 98e67ed59e1d1-35c22a82231sm8806576a91.6 - gsmtp')
